{"message":"Unauthorized request to path: /bookmarks","level":"error"}
{"message":"URL is required","level":"error"}
{"message":"Bookmark with id dee00b95-cc78-46bc-9b15-788155741cf1 created","level":"info"}
{"message":"Unauthorized request to path: /bookmarks","level":"error"}
{"message":"Unauthorized request to path: /bookmarks","level":"error"}
{"message":"Bookmark with id doesnt-exist not found.","level":"error"}
{"message":"Bookmark with id doesnt-exist not found.","level":"error"}
{"message":"Title is required","level":"error"}
{"message":"URL is required","level":"error"}
{"message":"Rating is required","level":"error"}
{"message":"Description is required","level":"error"}
{"message":"Description is required","level":"error"}
{"message":"Bookmark with id e0302631-a929-48cb-85da-93e10b91a22d created","level":"info"}
{"message":"Unauthorized request to path: /bookmarks","level":"error"}
{"message":"Unauthorized request to path: /bookmarks","level":"error"}
{"message":"Unauthorized request to path: /bookmarks/f183e068-54cb-43a0-8b46-8b7e13d35326","level":"error"}
{"message":"Bookmark with id doesnt-exist not found.","level":"error"}
{"message":"Bookmark with id doesnt-exist not found.","level":"error"}
{"message":"Title is required","level":"error"}
{"message":"URL is required","level":"error"}
{"message":"Rating is required","level":"error"}
{"message":"Description is required","level":"error"}
{"message":"Description is required","level":"error"}
{"message":"Bookmark with id e595113d-af29-45d8-98f2-359bd18207b3 created","level":"info"}
{"message":"Unauthorized request to path: /bookmarks","level":"error"}
{"message":"Unauthorized request to path: /bookmarks","level":"error"}
{"message":"Unauthorized request to path: /bookmarks/f183e068-54cb-43a0-8b46-8b7e13d35326","level":"error"}
{"message":"Unauthorized request to path: /bookmarks/f183e068-54cb-43a0-8b46-8b7e13d35326","level":"error"}
{"message":"Bookmark with id doesnt-exist not found.","level":"error"}
{"message":"Bookmark with id doesnt-exist not found.","level":"error"}
{"message":"Title is required","level":"error"}
{"message":"URL is required","level":"error"}
{"message":"Rating is required","level":"error"}
{"message":"Description is required","level":"error"}
{"message":"Description is required","level":"error"}
{"message":"Bookmark with id f2cac0cd-7930-40bf-92dd-4b90df33a7fd created","level":"info"}
{"message":"Unauthorized request to path: /bookmarks","level":"error"}
{"message":"Unauthorized request to path: /bookmarks","level":"error"}
{"message":"Unauthorized request to path: /bookmarks/f183e068-54cb-43a0-8b46-8b7e13d35326","level":"error"}
{"message":"Unauthorized request to path: /bookmarks/f183e068-54cb-43a0-8b46-8b7e13d35326","level":"error"}
{"message":"Bookmark with id doesnt-exist not found.","level":"error"}
{"message":"Bookmark with id doesnt-exist not found.","level":"error"}
{"message":"Title is required","level":"error"}
{"message":"URL is required","level":"error"}
{"message":"Rating is required","level":"error"}
{"message":"Description is required","level":"error"}
{"message":"Description is required","level":"error"}
{"message":"Bookmark with id 19044946-c920-47fd-876f-5029fff73dc3 created","level":"info"}
{"message":"Unauthorized request to path: /bookmarks","level":"error"}
{"message":"Unauthorized request to path: /bookmarks","level":"error"}
{"message":"Unauthorized request to path: /bookmarks/f183e068-54cb-43a0-8b46-8b7e13d35326","level":"error"}
{"message":"Unauthorized request to path: /bookmarks/f183e068-54cb-43a0-8b46-8b7e13d35326","level":"error"}
{"message":"Bookmark with id doesnt-exist not found.","level":"error"}
{"message":"Bookmark with id doesnt-exist not found.","level":"error"}
{"message":"Title is required","level":"error"}
{"message":"URL is required","level":"error"}
{"message":"Rating is required","level":"error"}
{"message":"Description is required","level":"error"}
{"message":"Description is required","level":"error"}
{"message":"Bookmark with id 9ae85c34-7d8e-4bed-8ca5-facdf23c2127 created","level":"info"}
{"message":"Unauthorized request to path: /bookmarks","level":"error"}
{"message":"Unauthorized request to path: /bookmarks","level":"error"}
{"message":"Unauthorized request to path: /bookmarks/f183e068-54cb-43a0-8b46-8b7e13d35326","level":"error"}
{"message":"Unauthorized request to path: /bookmarks/f183e068-54cb-43a0-8b46-8b7e13d35326","level":"error"}
{"message":"Bookmark with id doesnt-exist not found.","level":"error"}
{"message":"Bookmark with id doesnt-exist not found.","level":"error"}
{"message":"Title is required","level":"error"}
{"message":"URL is required","level":"error"}
{"message":"Rating is required","level":"error"}
{"message":"Description is required","level":"error"}
{"message":"Description is required","level":"error"}
{"message":"Bookmark with id 870d64f5-0898-49bc-8d6e-e582ed4b4b28 created","level":"info"}
{"message":"Unauthorized request to path: /bookmarks","level":"error"}
{"message":"Unauthorized request to path: /bookmarks","level":"error"}
{"message":"Unauthorized request to path: /bookmarks/f183e068-54cb-43a0-8b46-8b7e13d35326","level":"error"}
{"message":"Unauthorized request to path: /bookmarks/f183e068-54cb-43a0-8b46-8b7e13d35326","level":"error"}
{"message":"Bookmark with id doesnt-exist not found.","level":"error"}
{"message":"Bookmark with id f183e068-54cb-43a0-8b46-8b7e13d35326 deleted.","level":"info"}
{"message":"Bookmark with id doesnt-exist not found.","level":"error"}
{"message":"Title is required","level":"error"}
{"message":"URL is required","level":"error"}
{"message":"Rating is required","level":"error"}
{"message":"Description is required","level":"error"}
{"message":"Description is required","level":"error"}
{"message":"Bookmark with id d4ffb8ab-556c-4bdb-ae8d-2652f8a0d81c created","level":"info"}
{"message":"Unauthorized request to path: /bookmarks","level":"error"}
{"message":"Unauthorized request to path: /bookmarks","level":"error"}
{"message":"Unauthorized request to path: /bookmarks/f183e068-54cb-43a0-8b46-8b7e13d35326","level":"error"}
{"message":"Unauthorized request to path: /bookmarks/f183e068-54cb-43a0-8b46-8b7e13d35326","level":"error"}
{"message":"Bookmark with id doesnt-exist not found.","level":"error"}
{"message":"Bookmark with id f183e068-54cb-43a0-8b46-8b7e13d35326 deleted.","level":"info"}
{"message":"Bookmark with id doesnt-exist not found.","level":"error"}
{"message":"Title is required","level":"error"}
{"message":"URL is required","level":"error"}
{"message":"Rating is required","level":"error"}
{"message":"Invalid rating 'invalid' supplied","level":"error"}
{"message":"Invalid url 'htp://invalid-url' supplied","level":"error"}
{"message":"Bookmark with id b67726e6-7180-4a16-bae5-49e17ccd97ff created","level":"info"}
{"message":"Unauthorized request to path: /bookmarks","level":"error"}
{"message":"Unauthorized request to path: /bookmarks","level":"error"}
{"message":"Unauthorized request to path: /bookmarks/f183e068-54cb-43a0-8b46-8b7e13d35326","level":"error"}
{"message":"Unauthorized request to path: /bookmarks/f183e068-54cb-43a0-8b46-8b7e13d35326","level":"error"}
{"message":"Bookmark with id doesnt-exist not found.","level":"error"}
{"message":"Bookmark with id f183e068-54cb-43a0-8b46-8b7e13d35326 deleted.","level":"info"}
{"message":"Bookmark with id doesnt-exist not found.","level":"error"}
{"message":"Title is required","level":"error"}
{"message":"URL is required","level":"error"}
{"message":"Rating is required","level":"error"}
{"message":"Invalid rating 'invalid' supplied","level":"error"}
{"message":"Invalid url 'htp://invalid-url' supplied","level":"error"}
{"message":"Bookmark with id 2d5987e2-4ff3-4b7a-b42b-fb5db549b11e created","level":"info"}
